Flutter crash report.
Please report a bug at https://github.com/flutter/flutter/issues.

## command

flutter --quiet assemble --no-version-check --depfile F:\Project\Elevate-Tracking-App\build\app\intermediates\flutter\debug/flutter_build.d --output F:\Project\Elevate-Tracking-App\build\app\intermediates\flutter\debug -dTargetFile=F:\Project\Elevate-Tracking-App\lib\main.dart -dTargetPlatform=android -dBuildMode=debug -dTrackWidgetCreation=true --DartDefines=RkxVVFRFUl9WRVJTSU9OPTMuMzUuMw==,RkxVVFRFUl9DSEFOTkVMPXN0YWJsZQ==,RkxVVFRFUl9HSVRfVVJMPWh0dHBzOi8vZ2l0aHViLmNvbS9mbHV0dGVyL2ZsdXR0ZXIuZ2l0,RkxVVFRFUl9GUkFNRVdPUktfUkVWSVNJT049YTQwMmQ5YTQzNw==,RkxVVFRFUl9FTkdJTkVfUkVWSVNJT049ZGRmNDdkZDNmZg==,RkxVVFRFUl9EQVJUX1ZFUlNJT049My45LjI= -dFlavor= -dAndroidArchs=android-x64 -dMinSdkVersion=24 debug_android_application

## exception

ProcessPackageException: ProcessException: The paging file is too small for this operation to complete.

  Command: cmd.exe /c ver

```
#0      LocalProcessManager.runSync (package:process/src/interface/local_process_manager.dart:118:7)
#1      ErrorHandlingProcessManager.runSync.<anonymous closure> (package:flutter_tools/src/base/error_handling_io.dart:680:26)
#2      _runSync (package:flutter_tools/src/base/error_handling_io.dart:552:14)
#3      ErrorHandlingProcessManager.runSync (package:flutter_tools/src/base/error_handling_io.dart:678:12)
#4      _WindowsUtils.name (package:flutter_tools/src/base/os.dart:576:52)
#5      _DefaultUsage.initialize (package:flutter_tools/src/reporting/usage.dart:186:93)
#6      new Usage (package:flutter_tools/src/reporting/usage.dart:20:23)
#7      runInContext.<anonymous closure> (package:flutter_tools/src/context_runner.dart:312:20)
#8      AppContext._generateIfNecessary.<anonymous closure> (package:flutter_tools/src/base/context.dart:108:42)
#9      _LinkedHashMapMixin.putIfAbsent (dart:_compact_hash:674:23)
#10     AppContext._generateIfNecessary (package:flutter_tools/src/base/context.dart:95:20)
#11     AppContext.get (package:flutter_tools/src/base/context.dart:125:32)
#12     AppContext.get (package:flutter_tools/src/base/context.dart:123:23)
#13     AppContext.get (package:flutter_tools/src/base/context.dart:123:23)
#14     flutterUsage (package:flutter_tools/src/globals.dart:75:35)
#15     new CommandResultEvent (package:flutter_tools/src/reporting/events.dart:181:35)
#16     FlutterCommand._sendPostUsage (package:flutter_tools/src/runner/flutter_command.dart:1805:5)
#17     FlutterCommand.run.<anonymous closure> (package:flutter_tools/src/runner/flutter_command.dart:1591:13)
<asynchronous suspension>
#18     AppContext.run.<anonymous closure> (package:flutter_tools/src/base/context.dart:154:19)
<asynchronous suspension>
#19     CommandRunner.runCommand (package:args/command_runner.dart:212:13)
<asynchronous suspension>
#20     FlutterCommandRunner.runCommand.<anonymous closure> (package:flutter_tools/src/runner/flutter_command_runner.dart:503:9)
<asynchronous suspension>
#21     AppContext.run.<anonymous closure> (package:flutter_tools/src/base/context.dart:154:19)
<asynchronous suspension>
#22     FlutterCommandRunner.runCommand (package:flutter_tools/src/runner/flutter_command_runner.dart:438:5)
<asynchronous suspension>
#23     run.<anonymous closure>.<anonymous closure> (package:flutter_tools/runner.dart:98:11)
<asynchronous suspension>
#24     AppContext.run.<anonymous closure> (package:flutter_tools/src/base/context.dart:154:19)
<asynchronous suspension>
#25     main (package:flutter_tools/executable.dart:101:3)
<asynchronous suspension>
```

## flutter doctor

```
[✓] Flutter (Channel stable, 3.35.3, on Microsoft Windows [Version 10.0.22621.5189], locale en-US) [1,596ms]
    • Flutter version 3.35.3 on channel stable at C:\Users\wwwmo\src\flutter
    • Upstream repository https://github.com/flutter/flutter.git
    • Framework revision a402d9a437 (4 weeks ago), 2025-09-03 14:54:31 -0700
    • Engine revision ddf47dd3ff
    • Dart version 3.9.2
    • DevTools version 2.48.0
    • Feature flags: enable-web, enable-linux-desktop, enable-macos-desktop, enable-windows-desktop, enable-android, enable-ios, cli-animations, enable-lldb-debugging

[✓] Windows Version (11 Pro 64-bit, 22H2, 2009) [7.9s]

[!] Android toolchain - develop for Android devices (Android SDK version 35.0.1) [2.7s]
    • Android SDK at C:\Users\wwwmo\AppData\Local\Android\sdk
    • Emulator version 35.3.12.0 (build_id 12990079) (CL:N/A)
    • Platform android-36, build-tools 35.0.1
    • Java binary at: C:\Program Files\Java\jdk-17\bin\java
      This JDK is specified in your Flutter configuration.
      To change the current JDK, run: `flutter config --jdk-dir="path/to/jdk"`.
    ✗ Could not determine java version

[✓] Chrome - develop for the web [57ms]
    • Chrome at C:\Program Files\Google\Chrome\Application\chrome.exe

[✗] Visual Studio - develop Windows apps [52ms]
    ✗ Visual Studio not installed; this is necessary to develop Windows apps.
      Download at https://visualstudio.microsoft.com/downloads/.
      Please install the "Desktop development with C++" workload, including all of its default components

[!] Android Studio (version 2024.2) [40ms]
    • Android Studio at C:\Program Files\Android\Android Studio
    • Flutter plugin can be installed from:
      🔨 https://plugins.jetbrains.com/plugin/9212-flutter
    • Dart plugin can be installed from:
      🔨 https://plugins.jetbrains.com/plugin/6351-dart
    ✗ Unable to determine bundled Java version.
    • Try updating or re-installing Android Studio.

[✓] VS Code (version 1.104.2) [32ms]
    • VS Code at C:\Users\wwwmo\AppData\Local\Programs\Microsoft VS Code
    • Flutter extension version 3.118.0

[✓] Connected device (4 available) [1,439ms]
    • NE2211 (mobile)   • emulator-5554 • unsupported    • Android null (API null) (unsupported)
    • Windows (desktop) • windows       • windows-x64    • Microsoft Windows [Version 10.0.22621.5189]
    • Chrome (web)      • chrome        • web-javascript • Google Chrome 140.0.7339.208
    • Edge (web)        • edge          • web-javascript • Microsoft Edge 140.0.3485.94

[✓] Network resources [972ms]
    • All expected network resources are available.

! Doctor found issues in 3 categories.
```
